<?xml version="1.0" encoding="UTF-8"?>
<!-- Generated by org.testng.reporters.JUnitReportReporter -->
<testsuite hostname="LAPTOP-N7840TCR" failures="0" tests="1" name="tests.AddRemoveItemBasketTest" time="22.098" errors="0" timestamp="2024-09-06T20:56:57 IST" skipped="0">
  <testcase classname="tests.AddRemoveItemBasketTest" name="AddItem" time="22.098"/>
</testsuite> <!-- tests.AddRemoveItemBasketTest -->
