<?xml version="1.0" encoding="UTF-8"?>
<!-- Generated by org.testng.reporters.JUnitReportReporter -->
<testsuite hostname="LAPTOP-N7840TCR" failures="0" tests="1" name="tests.OrderCompleteTest" time="40.780" errors="0" timestamp="2024-09-06T20:41:31 IST" skipped="0">
  <testcase classname="tests.OrderCompleteTest" name="endToEndTest" time="40.780"/>
</testsuite> <!-- tests.OrderCompleteTest -->
